<?xml version="1.0" encoding="UTF-8" ?>

<testsuite failures="0" time="0.19" errors="0" skipped="0" tests="4" name="ApplicationTest">
  <testcase classname="ApplicationTest" name="testIndex" time="0.038">
      </testcase>
  <testcase classname="ApplicationTest" name="testAddBook" time="0.025">
      </testcase>
  <testcase classname="ApplicationTest" name="testListBook" time="0.046">
      </testcase>
  <testcase classname="ApplicationTest" name="testSearchByAuthor" time="0.081">
      </testcase>
</testsuite>
