<?xml version="1.0" encoding="UTF-8" ?>

<testsuite failures="0" time="0.028" errors="0" skipped="0" tests="5" name="ApplicationTest">
  <testcase classname="ApplicationTest" name="testIndex" time="0.013">
      </testcase>
  <testcase classname="ApplicationTest" name="testListBook" time="0.013">
      </testcase>
  <testcase classname="ApplicationTest" name="shouldIssueAItem" time="0.002">
      </testcase>
  <testcase classname="ApplicationTest" name="shouldReserveAItem" time="0">
      </testcase>
  <testcase classname="ApplicationTest" name="shouldReturnAItem" time="0">
      </testcase>
</testsuite>
