<?xml version="1.0" encoding="UTF-8" ?>

<testsuite failures="0" time="0.067" errors="0" skipped="0" tests="3" name="ApplicationTest">
  <testcase classname="ApplicationTest" name="testIndex" time="0.025">
      </testcase>
  <testcase classname="ApplicationTest" name="testAddBook" time="0.024">
      </testcase>
  <testcase classname="ApplicationTest" name="testListBook" time="0.018">
      </testcase>
</testsuite>
